<?xml version="1.0" encoding="utf-8"?>
<test-run id="0" testcasecount="6" result="Passed" total="6" passed="6" failed="0" inconclusive="0" skipped="0" asserts="7" portable-engine-version="3.4.0.0" start-time="2016-06-29 23:22:19Z" end-time="2016-06-29 23:22:20Z" duration="1.204703">
  <test-suite type="Assembly" id="1009" name="ReVIEWBlogger.Tests, Version=1.0.0.0, Culture=neutral, PublicKeyToken=null" fullname="ReVIEWBlogger.Tests, Version=1.0.0.0, Culture=neutral, PublicKeyToken=null" runstate="Runnable" testcasecount="6" result="Passed" start-time="2016-06-29 23:22:20Z" end-time="2016-06-29 23:22:20Z" duration="0.773762" total="6" passed="6" failed="0" inconclusive="0" skipped="0" asserts="7">
    <settings>
      <setting name="WorkDirectory" value="/Users/muo/workspace/review-blogger/test/ReVIEWBlogger.Tests" />
    </settings>
    <test-suite type="TestSuite" id="1010" name="ConsoleApplication" fullname="ConsoleApplication" runstate="Runnable" testcasecount="6" result="Passed" start-time="2016-06-29 23:22:20Z" end-time="2016-06-29 23:22:20Z" duration="0.758726" total="6" passed="6" failed="0" inconclusive="0" skipped="0" asserts="7">
      <test-suite type="TestFixture" id="1000" name="OAuth2MinimalTests" fullname="ConsoleApplication.OAuth2MinimalTests" classname="ConsoleApplication.OAuth2MinimalTests" runstate="Runnable" testcasecount="1" result="Passed" start-time="2016-06-29 23:22:20Z" end-time="2016-06-29 23:22:20Z" duration="0.123706" total="1" passed="1" failed="0" inconclusive="0" skipped="0" asserts="1">
        <test-case id="1001" name="TestGeneratingOobAuthUri" fullname="ConsoleApplication.OAuth2MinimalTests.TestGeneratingOobAuthUri" methodname="TestGeneratingOobAuthUri" classname="ConsoleApplication.OAuth2MinimalTests" runstate="Runnable" seed="1801850340" result="Passed" start-time="2016-06-29 23:22:20Z" end-time="2016-06-29 23:22:20Z" duration="0.028800" asserts="1" />
      </test-suite>
      <test-suite type="TestFixture" id="1002" name="ReVIEWBloggerControlFlow" fullname="ConsoleApplication.ReVIEWBloggerControlFlow" classname="ConsoleApplication.ReVIEWBloggerControlFlow" runstate="Runnable" testcasecount="2" result="Passed" start-time="2016-06-29 23:22:20Z" end-time="2016-06-29 23:22:20Z" duration="0.026180" total="2" passed="2" failed="0" inconclusive="0" skipped="0" asserts="2">
        <test-case id="1004" name="TestFilenameHandling" fullname="ConsoleApplication.ReVIEWBloggerControlFlow.TestFilenameHandling" methodname="TestFilenameHandling" classname="ConsoleApplication.ReVIEWBloggerControlFlow" runstate="Runnable" seed="213326761" result="Passed" start-time="2016-06-29 23:22:20Z" end-time="2016-06-29 23:22:20Z" duration="0.023985" asserts="2" />
        <test-case id="1003" name="TestOverallControlFlow" fullname="ConsoleApplication.ReVIEWBloggerControlFlow.TestOverallControlFlow" methodname="TestOverallControlFlow" classname="ConsoleApplication.ReVIEWBloggerControlFlow" runstate="Runnable" seed="994105559" result="Passed" start-time="2016-06-29 23:22:20Z" end-time="2016-06-29 23:22:20Z" duration="0.000228" asserts="0" />
      </test-suite>
      <test-suite type="TestFixture" id="1005" name="ReVIEWConverterTests" fullname="ConsoleApplication.ReVIEWConverterTests" classname="ConsoleApplication.ReVIEWConverterTests" runstate="Runnable" testcasecount="3" result="Passed" start-time="2016-06-29 23:22:20Z" end-time="2016-06-29 23:22:20Z" duration="0.600426" total="3" passed="3" failed="0" inconclusive="0" skipped="0" asserts="4">
        <test-case id="1006" name="TestCompilingDocument" fullname="ConsoleApplication.ReVIEWConverterTests.TestCompilingDocument" methodname="TestCompilingDocument" classname="ConsoleApplication.ReVIEWConverterTests" runstate="Runnable" seed="591261833" result="Passed" start-time="2016-06-29 23:22:20Z" end-time="2016-06-29 23:22:20Z" duration="0.537100" asserts="1" />
        <test-case id="1007" name="TestDecoratingDocument" fullname="ConsoleApplication.ReVIEWConverterTests.TestDecoratingDocument" methodname="TestDecoratingDocument" classname="ConsoleApplication.ReVIEWConverterTests" runstate="Runnable" seed="1096460943" result="Passed" start-time="2016-06-29 23:22:20Z" end-time="2016-06-29 23:22:20Z" duration="0.045858" asserts="1" />
        <test-case id="1008" name="TestExtractingTitleAndContent" fullname="ConsoleApplication.ReVIEWConverterTests.TestExtractingTitleAndContent" methodname="TestExtractingTitleAndContent" classname="ConsoleApplication.ReVIEWConverterTests" runstate="Runnable" seed="2055237640" result="Passed" start-time="2016-06-29 23:22:20Z" end-time="2016-06-29 23:22:20Z" duration="0.014621" asserts="2" />
      </test-suite>
    </test-suite>
  </test-suite>
</test-run>