<?xml version="1.0" encoding="utf-8"?>
<test-run id="0" testcasecount="7" result="Passed" total="7" passed="7" failed="0" inconclusive="0" skipped="0" asserts="8" portable-engine-version="3.4.0.0" start-time="2016-08-13 10:41:18Z" end-time="2016-08-13 10:41:20Z" duration="1.834394">
  <test-suite type="Assembly" id="1010" name="ReVIEWBlogger.Tests, Version=1.0.0.0, Culture=neutral, PublicKeyToken=null" fullname="ReVIEWBlogger.Tests, Version=1.0.0.0, Culture=neutral, PublicKeyToken=null" runstate="Runnable" testcasecount="7" result="Passed" start-time="2016-08-13 10:41:18Z" end-time="2016-08-13 10:41:20Z" duration="1.339005" total="7" passed="7" failed="0" inconclusive="0" skipped="0" asserts="8">
    <settings>
      <setting name="WorkDirectory" value="/Users/muo/workspace/review-blogger/test/ReVIEWBlogger.Tests" />
    </settings>
    <test-suite type="TestSuite" id="1011" name="ConsoleApplication" fullname="ConsoleApplication" runstate="Runnable" testcasecount="7" result="Passed" start-time="2016-08-13 10:41:18Z" end-time="2016-08-13 10:41:20Z" duration="1.325096" total="7" passed="7" failed="0" inconclusive="0" skipped="0" asserts="8">
      <test-suite type="TestFixture" id="1000" name="OAuth2MinimalTests" fullname="ConsoleApplication.OAuth2MinimalTests" classname="ConsoleApplication.OAuth2MinimalTests" runstate="Runnable" testcasecount="1" result="Passed" start-time="2016-08-13 10:41:18Z" end-time="2016-08-13 10:41:18Z" duration="0.174237" total="1" passed="1" failed="0" inconclusive="0" skipped="0" asserts="1">
        <test-case id="1001" name="TestGeneratingOobAuthUri" fullname="ConsoleApplication.OAuth2MinimalTests.TestGeneratingOobAuthUri" methodname="TestGeneratingOobAuthUri" classname="ConsoleApplication.OAuth2MinimalTests" runstate="Runnable" seed="1801850340" result="Passed" start-time="2016-08-13 10:41:18Z" end-time="2016-08-13 10:41:18Z" duration="0.031689" asserts="1" />
      </test-suite>
      <test-suite type="TestFixture" id="1002" name="ReVIEWBloggerControlFlow" fullname="ConsoleApplication.ReVIEWBloggerControlFlow" classname="ConsoleApplication.ReVIEWBloggerControlFlow" runstate="Runnable" testcasecount="2" result="Passed" start-time="2016-08-13 10:41:18Z" end-time="2016-08-13 10:41:18Z" duration="0.030199" total="2" passed="2" failed="0" inconclusive="0" skipped="0" asserts="2">
        <test-case id="1004" name="TestFilenameHandling" fullname="ConsoleApplication.ReVIEWBloggerControlFlow.TestFilenameHandling" methodname="TestFilenameHandling" classname="ConsoleApplication.ReVIEWBloggerControlFlow" runstate="Runnable" seed="213326761" result="Passed" start-time="2016-08-13 10:41:18Z" end-time="2016-08-13 10:41:18Z" duration="0.027735" asserts="2" />
        <test-case id="1003" name="TestOverallControlFlow" fullname="ConsoleApplication.ReVIEWBloggerControlFlow.TestOverallControlFlow" methodname="TestOverallControlFlow" classname="ConsoleApplication.ReVIEWBloggerControlFlow" runstate="Runnable" seed="994105559" result="Passed" start-time="2016-08-13 10:41:18Z" end-time="2016-08-13 10:41:18Z" duration="0.000187" asserts="0" />
      </test-suite>
      <test-suite type="TestFixture" id="1005" name="ReVIEWConverterTests" fullname="ConsoleApplication.ReVIEWConverterTests" classname="ConsoleApplication.ReVIEWConverterTests" runstate="Runnable" testcasecount="4" result="Passed" start-time="2016-08-13 10:41:18Z" end-time="2016-08-13 10:41:20Z" duration="1.112804" total="4" passed="4" failed="0" inconclusive="0" skipped="0" asserts="5">
        <test-case id="1006" name="TestCompilingDocument" fullname="ConsoleApplication.ReVIEWConverterTests.TestCompilingDocument" methodname="TestCompilingDocument" classname="ConsoleApplication.ReVIEWConverterTests" runstate="Runnable" seed="591261833" result="Passed" start-time="2016-08-13 10:41:18Z" end-time="2016-08-13 10:41:19Z" duration="0.644015" asserts="1" />
        <test-case id="1009" name="TestCompilingDocumentWithImages" fullname="ConsoleApplication.ReVIEWConverterTests.TestCompilingDocumentWithImages" methodname="TestCompilingDocumentWithImages" classname="ConsoleApplication.ReVIEWConverterTests" runstate="Runnable" seed="1542415269" result="Passed" start-time="2016-08-13 10:41:19Z" end-time="2016-08-13 10:41:19Z" duration="0.391223" asserts="1" />
        <test-case id="1007" name="TestDecoratingDocument" fullname="ConsoleApplication.ReVIEWConverterTests.TestDecoratingDocument" methodname="TestDecoratingDocument" classname="ConsoleApplication.ReVIEWConverterTests" runstate="Runnable" seed="1096460943" result="Passed" start-time="2016-08-13 10:41:19Z" end-time="2016-08-13 10:41:20Z" duration="0.052237" asserts="1" />
        <test-case id="1008" name="TestExtractingTitleAndContent" fullname="ConsoleApplication.ReVIEWConverterTests.TestExtractingTitleAndContent" methodname="TestExtractingTitleAndContent" classname="ConsoleApplication.ReVIEWConverterTests" runstate="Runnable" seed="2055237640" result="Passed" start-time="2016-08-13 10:41:20Z" end-time="2016-08-13 10:41:20Z" duration="0.021540" asserts="2" />
      </test-suite>
    </test-suite>
  </test-suite>
</test-run>